Sat May 27 13:02:33 NZST 2023 : Apache Derby Network Server - 10.14.2.0 - (1828579) started and ready to accept connections on port 1527
----------------------------------------------------------------
Sat May 27 13:02:36 NZST 2023:
Booting Derby version The Apache Software Foundation - Apache Derby - 10.14.2.0 - (1828579): instance a816c00e-0188-5aba-8689-ffffc98af1e8 
on database directory C:\Users\FabiF\OneDrive - ZHAW\Desktop\MillionairGame2\USERS with class loader sun.misc.Launcher$AppClassLoader@1d44bcfa 
Loaded from file:/C:/Workspace_ZHAW/SoftwareConstruction/db-derby-10.14.2.0-bin/db-derby-10.14.2.0-bin/lib/derby.jar
java.vendor=Oracle Corporation
java.runtime.version=1.8.0_361-b09
user.dir=C:\Workspace_ZHAW\SoftwareConstruction\db-derby-10.14.2.0-bin\db-derby-10.14.2.0-bin
os.name=Windows 11
os.arch=amd64
os.version=10.0
derby.system.home=C:\Users\FabiF\OneDrive - ZHAW\Desktop\MillionairGame2
Database Class Loader started - derby.database.classpath=''
----------------------------------------------------------------
Sat May 27 13:05:04 NZST 2023:
Booting Derby version The Apache Software Foundation - Apache Derby - 10.14.2.0 - (1828579): instance 80840021-0188-5aba-8689-ffffc98af1e8 
on database directory C:\Users\FabiF\OneDrive - ZHAW\Desktop\MillionairGame2\MillionairDB with class loader sun.misc.Launcher$AppClassLoader@1d44bcfa 
Loaded from file:/C:/Workspace_ZHAW/SoftwareConstruction/db-derby-10.14.2.0-bin/db-derby-10.14.2.0-bin/lib/derby.jar
java.vendor=Oracle Corporation
java.runtime.version=1.8.0_361-b09
user.dir=C:\Workspace_ZHAW\SoftwareConstruction\db-derby-10.14.2.0-bin\db-derby-10.14.2.0-bin
os.name=Windows 11
os.arch=amd64
os.version=10.0
derby.system.home=C:\Users\FabiF\OneDrive - ZHAW\Desktop\MillionairGame2
Database Class Loader started - derby.database.classpath=''
----------------------------------------------------------------
Sat May 27 13:05:05 NZST 2023:
Shutting down instance 80840021-0188-5aba-8689-ffffc98af1e8 on database directory C:\Users\FabiF\OneDrive - ZHAW\Desktop\MillionairGame2\MillionairDB with class loader sun.misc.Launcher$AppClassLoader@1d44bcfa 
Sat May 27 13:05:05 NZST 2023 Thread[DRDAConnThread_2,5,main] (DATABASE = MillionairDB), (DRDAID = {3}), Database 'MillionairDB' shutdown.
----------------------------------------------------------------
Sat May 27 13:05:07 NZST 2023:
Booting Derby version The Apache Software Foundation - Apache Derby - 10.14.2.0 - (1828579): instance 9a4840c2-0188-5aba-8689-ffffc98af1e8 
on database directory C:\Users\FabiF\OneDrive - ZHAW\Desktop\MillionairGame2\MillionairDB with class loader sun.misc.Launcher$AppClassLoader@1d44bcfa 
Loaded from file:/C:/Workspace_ZHAW/SoftwareConstruction/db-derby-10.14.2.0-bin/db-derby-10.14.2.0-bin/lib/derby.jar
java.vendor=Oracle Corporation
java.runtime.version=1.8.0_361-b09
user.dir=C:\Workspace_ZHAW\SoftwareConstruction\db-derby-10.14.2.0-bin\db-derby-10.14.2.0-bin
os.name=Windows 11
os.arch=amd64
os.version=10.0
derby.system.home=C:\Users\FabiF\OneDrive - ZHAW\Desktop\MillionairGame2
Database Class Loader started - derby.database.classpath=''
Sat May 27 13:15:56 NZST 2023 Thread[DRDAConnThread_3,5,main] Cleanup action starting
java.sql.SQLException: Database 'BookStoreDB' not found.
	at org.apache.derby.impl.jdbc.SQLExceptionFactory.getSQLException(Unknown Source)
	at org.apache.derby.impl.jdbc.SQLExceptionFactory.getSQLException(Unknown Source)
	at org.apache.derby.impl.jdbc.Util.generateCsSQLException(Unknown Source)
	at org.apache.derby.impl.jdbc.Util.generateCsSQLException(Unknown Source)
	at org.apache.derby.impl.jdbc.EmbedConnection.newSQLException(Unknown Source)
	at org.apache.derby.impl.jdbc.EmbedConnection.handleDBNotFound(Unknown Source)
	at org.apache.derby.impl.jdbc.EmbedConnection.<init>(Unknown Source)
	at org.apache.derby.jdbc.InternalDriver$1.run(Unknown Source)
	at org.apache.derby.jdbc.InternalDriver$1.run(Unknown Source)
	at java.security.AccessController.doPrivileged(Native Method)
	at org.apache.derby.jdbc.InternalDriver.getNewEmbedConnection(Unknown Source)
	at org.apache.derby.jdbc.InternalDriver.connect(Unknown Source)
	at org.apache.derby.jdbc.InternalDriver.connect(Unknown Source)
	at org.apache.derby.jdbc.EmbeddedDriver.connect(Unknown Source)
	at org.apache.derby.impl.drda.Database.makeConnection(Unknown Source)
	at org.apache.derby.impl.drda.DRDAConnThread.getConnFromDatabaseName(Unknown Source)
	at org.apache.derby.impl.drda.DRDAConnThread.verifyUserIdPassword(Unknown Source)
	at org.apache.derby.impl.drda.DRDAConnThread.parseSECCHK(Unknown Source)
	at org.apache.derby.impl.drda.DRDAConnThread.parseDRDAConnection(Unknown Source)
	at org.apache.derby.impl.drda.DRDAConnThread.processCommands(Unknown Source)
	at org.apache.derby.impl.drda.DRDAConnThread.run(Unknown Source)
Caused by: ERROR XJ004: Database 'BookStoreDB' not found.
	at org.apache.derby.iapi.error.StandardException.newException(Unknown Source)
	at org.apache.derby.impl.jdbc.SQLExceptionFactory.wrapArgsForTransportAcrossDRDA(Unknown Source)
	... 21 more
============= begin nested exception, level (1) ===========
ERROR XJ004: Database 'BookStoreDB' not found.
	at org.apache.derby.iapi.error.StandardException.newException(Unknown Source)
	at org.apache.derby.impl.jdbc.SQLExceptionFactory.wrapArgsForTransportAcrossDRDA(Unknown Source)
	at org.apache.derby.impl.jdbc.SQLExceptionFactory.getSQLException(Unknown Source)
	at org.apache.derby.impl.jdbc.SQLExceptionFactory.getSQLException(Unknown Source)
	at org.apache.derby.impl.jdbc.Util.generateCsSQLException(Unknown Source)
	at org.apache.derby.impl.jdbc.Util.generateCsSQLException(Unknown Source)
	at org.apache.derby.impl.jdbc.EmbedConnection.newSQLException(Unknown Source)
	at org.apache.derby.impl.jdbc.EmbedConnection.handleDBNotFound(Unknown Source)
	at org.apache.derby.impl.jdbc.EmbedConnection.<init>(Unknown Source)
	at org.apache.derby.jdbc.InternalDriver$1.run(Unknown Source)
	at org.apache.derby.jdbc.InternalDriver$1.run(Unknown Source)
	at java.security.AccessController.doPrivileged(Native Method)
	at org.apache.derby.jdbc.InternalDriver.getNewEmbedConnection(Unknown Source)
	at org.apache.derby.jdbc.InternalDriver.connect(Unknown Source)
	at org.apache.derby.jdbc.InternalDriver.connect(Unknown Source)
	at org.apache.derby.jdbc.EmbeddedDriver.connect(Unknown Source)
	at org.apache.derby.impl.drda.Database.makeConnection(Unknown Source)
	at org.apache.derby.impl.drda.DRDAConnThread.getConnFromDatabaseName(Unknown Source)
	at org.apache.derby.impl.drda.DRDAConnThread.verifyUserIdPassword(Unknown Source)
	at org.apache.derby.impl.drda.DRDAConnThread.parseSECCHK(Unknown Source)
	at org.apache.derby.impl.drda.DRDAConnThread.parseDRDAConnection(Unknown Source)
	at org.apache.derby.impl.drda.DRDAConnThread.processCommands(Unknown Source)
	at org.apache.derby.impl.drda.DRDAConnThread.run(Unknown Source)
============= end nested exception, level (1) ===========
Cleanup action completed
Sat May 27 13:15:56 NZST 2023 Thread[DRDAConnThread_3,5,main] (DATABASE = BookStoreDB), (DRDAID = {6}), Database 'BookStoreDB' not found.
----------------------------------------------------------------
Sat May 27 14:08:50 NZST 2023: Shutting down Derby engine
----------------------------------------------------------------
Sat May 27 14:08:50 NZST 2023:
Shutting down instance 9a4840c2-0188-5aba-8689-ffffc98af1e8 on database directory C:\Users\FabiF\OneDrive - ZHAW\Desktop\MillionairGame2\MillionairDB with class loader sun.misc.Launcher$AppClassLoader@1d44bcfa 
----------------------------------------------------------------
Sat May 27 14:08:50 NZST 2023:
Shutting down instance a816c00e-0188-5aba-8689-ffffc98af1e8 on database directory C:\Users\FabiF\OneDrive - ZHAW\Desktop\MillionairGame2\USERS with class loader sun.misc.Launcher$AppClassLoader@1d44bcfa 
----------------------------------------------------------------
